<?xml version="1.0" encoding="UTF-8"?>
<testsuite xmlns:xsi="http://www.w3.org/2001/XMLSchema-instance" xsi:noNamespaceSchemaLocation="https://maven.apache.org/surefire/maven-surefire-plugin/xsd/surefire-test-report.xsd" name="com.example.EquationSolverTest" time="0.148" tests="91" errors="0" skipped="0" failures="7">
  <properties>
[...]
</properties>
  <testcase name="testSolve_a_proche_de_0_positif__b_proche_de_0_negatif__c_proche_de_0_negatif_" classname="com.example.EquationSolverTest" time="0.005"/>
  <testcase name="testSolve_a_normal_negatif__b_null_c_normal_negatif_" classname="com.example.EquationSolverTest" time="0"/>
  <testcase name="testSolve_a_grand_positif__b_tres_proche_de_zero__c_tres_proche_de_zero_" classname="com.example.EquationSolverTest" time="0"/>
  <testcase name="testSolve_a_negatif_grand__b_proche_de_0_positif__c_grand_positif_" classname="com.example.EquationSolverTest" time="0.003"/>
  <testcase name="testSolve_a_normal_negatif__b_proche_de_0_negatif__c_tres_proche_de_zero_" classname="com.example.EquationSolverTest" time="0"/>
  <testcase name="testSolve_a_normal_positif__b_normal_positif__c_null" classname="com.example.EquationSolverTest" time="0"/>
  <testcase name="testSolve_a_tres_proche_de_0_negatif__b_grand_positif__c_null" classname="com.example.EquationSolverTest" time="0"/>
  <testcase name="testSolve_a_tres_proche_de_0_negatif__b_normal_negatif__c_proche_de_0_positif_" classname="com.example.EquationSolverTest" time="0"/>
  <testcase name="testSolve_a_proche_de_0_negatif__b_null_c_null" classname="com.example.EquationSolverTest" time="0"/>
  <testcase name="testSolve_a_tres_proche_de_0_negatif__b_null_c_proche_de_0_negatif_" classname="com.example.EquationSolverTest" time="0"/>
  <testcase name="testSolve_a_proche_de_0_positif__b_grand_positif__c_proche_de_0_negatif_" classname="com.example.EquationSolverTest" time="0.014">
    <failure message="expected:&lt;0.0&gt; but was:&lt;-2.0298250961214896&gt;" type="java.lang.AssertionError"><![CDATA[java.lang.AssertionError: expected:<0.0> but was:<-2.0298250961214896>
	at com.example.EquationSolverTest.testSolve_a_proche_de_0_positif__b_grand_positif__c_proche_de_0_negatif_(EquationSolverTest.java:769)
]]></failure>
  </testcase>
  <testcase name="testSolve_a_tres_proche_de_0_negatif__b_proche_de_0_positif__c_tres_proche_de_0_negatif_" classname="com.example.EquationSolverTest" time="0"/>
  <testcase name="testSolve_a_tres_proche_de_0_negatif__b_proche_de_0_negatif__c_negatif_grand_" classname="com.example.EquationSolverTest" time="0"/>
  <testcase name="testSolve_a_normal_negatif__b_null_c_grand_positif_" classname="com.example.EquationSolverTest" time="0"/>
  <testcase name="testSolve_a_normal_negatif__b_normal_negatif__c_tres_proche_de_0_negatif_" classname="com.example.EquationSolverTest" time="0"/>
  <testcase name="testSolve_a_proche_de_0_negatif__b_negatif_grand__c_grand_positif_" classname="com.example.EquationSolverTest" time="0.005">
    <failure message="expected:&lt;0.0&gt; but was:&lt;13.366911247372627&gt;" type="java.lang.AssertionError"><![CDATA[java.lang.AssertionError: expected:<0.0> but was:<13.366911247372627>
	at com.example.EquationSolverTest.testSolve_a_proche_de_0_negatif__b_negatif_grand__c_grand_positif_(EquationSolverTest.java:561)
]]></failure>
  </testcase>
  <testcase name="testSolve_a_tres_proche_de_0_negatif__b_proche_de_0_positif__c_normal_positif_" classname="com.example.EquationSolverTest" time="0"/>
  <testcase name="testSolve_a_negatif_grand__b_proche_de_0_negatif__c_tres_proche_de_zero_" classname="com.example.EquationSolverTest" time="0"/>
  <testcase name="testSolve_a_normal_positif__b_proche_de_0_negatif__c_normal_negatif_" classname="com.example.EquationSolverTest" time="0"/>
  <testcase name="testSolve_a_proche_de_0_negatif__b_normal_positif__c_normal_negatif_" classname="com.example.EquationSolverTest" time="0"/>
  <testcase name="testSolve_a_null_b_proche_de_0_positif__c_proche_de_0_negatif_" classname="com.example.EquationSolverTest" time="0"/>
  <testcase name="testSolve_a_tres_proche_de_0_negatif__b_tres_proche_de_zero__c_grand_positif_" classname="com.example.EquationSolverTest" time="0"/>
  <testcase name="testSolve_a_tres_proche_de_zero__b_proche_de_0_negatif__c_grand_positif_" classname="com.example.EquationSolverTest" time="0"/>
  <testcase name="testSolve_a_negatif_grand__b_normal_negatif__c_negatif_grand_" classname="com.example.EquationSolverTest" time="0"/>
  <testcase name="testSolve_a_grand_positif__b_normal_positif__c_negatif_grand_" classname="com.example.EquationSolverTest" time="0"/>
  <testcase name="testSolve_a_normal_positif__b_null_c_normal_positif_" classname="com.example.EquationSolverTest" time="0"/>
  <testcase name="testSolve_a_null_b_normal_negatif__c_normal_negatif_" classname="com.example.EquationSolverTest" time="0"/>
  <testcase name="testSolve_a_grand_positif__b_null_c_tres_proche_de_0_negatif_" classname="com.example.EquationSolverTest" time="0"/>
  <testcase name="testSolve_a_tres_proche_de_0_negatif__b_normal_positif__c_tres_proche_de_zero_" classname="com.example.EquationSolverTest" time="0.005"/>
  <testcase name="testSolve_a_proche_de_0_negatif__b_tres_proche_de_zero__c_proche_de_0_negatif_" classname="com.example.EquationSolverTest" time="0"/>
  <testcase name="testSolve_a_normal_negatif__b_negatif_grand__c_null" classname="com.example.EquationSolverTest" time="0"/>
  <testcase name="testSolve_a_normal_positif__b_grand_positif__c_negatif_grand_" classname="com.example.EquationSolverTest" time="0">
    <failure message="expected:&lt;0.0&gt; but was:&lt;0.00481724739074707&gt;" type="java.lang.AssertionError"><![CDATA[java.lang.AssertionError: expected:<0.0> but was:<0.00481724739074707>
	at com.example.EquationSolverTest.testSolve_a_normal_positif__b_grand_positif__c_negatif_grand_(EquationSolverTest.java:465)
]]></failure>
  </testcase>
  <testcase name="testSolve_a_proche_de_0_positif__b_tres_proche_de_zero__c_null" classname="com.example.EquationSolverTest" time="0"/>
  <testcase name="testSolve_a_grand_positif__b_negatif_grand__c_normal_positif_" classname="com.example.EquationSolverTest" time="0"/>
  <testcase name="testSolve_a_normal_positif__b_null_c_grand_positif_" classname="com.example.EquationSolverTest" time="0"/>
  <testcase name="testSolve_a_proche_de_0_positif__b_normal_positif__c_grand_positif_" classname="com.example.EquationSolverTest" time="0"/>
  <testcase name="testSolve_a_tres_proche_de_0_negatif__b_negatif_grand__c_normal_negatif_" classname="com.example.EquationSolverTest" time="0"/>
  <testcase name="testSolve_a_tres_proche_de_zero__b_normal_positif__c_proche_de_0_positif_" classname="com.example.EquationSolverTest" time="0"/>
  <testcase name="testSolve_a_proche_de_0_positif__b_negatif_grand__c_negatif_grand_" classname="com.example.EquationSolverTest" time="0">
    <failure message="expected:&lt;0.0&gt; but was:&lt;2.286895751953125&gt;" type="java.lang.AssertionError"><![CDATA[java.lang.AssertionError: expected:<0.0> but was:<2.286895751953125>
	at com.example.EquationSolverTest.testSolve_a_proche_de_0_positif__b_negatif_grand__c_negatif_grand_(EquationSolverTest.java:433)
]]></failure>
  </testcase>
  <testcase name="testSolve_a_normal_positif__b_normal_negatif__c_proche_de_0_negatif_" classname="com.example.EquationSolverTest" time="0"/>
  <testcase name="testSolve_a_proche_de_0_positif__b_proche_de_0_negatif__c_tres_proche_de_0_negatif_" classname="com.example.EquationSolverTest" time="0"/>
  <testcase name="testSolve_a_grand_positif__b_normal_negatif__c_grand_positif_" classname="com.example.EquationSolverTest" time="0"/>
  <testcase name="testSolve_a_normal_positif__b_tres_proche_de_0_negatif__c_tres_proche_de_zero_" classname="com.example.EquationSolverTest" time="0"/>
  <testcase name="testSolve_a_tres_proche_de_zero__b_negatif_grand__c_tres_proche_de_0_negatif_" classname="com.example.EquationSolverTest" time="0"/>
  <testcase name="testSolve_a_proche_de_0_positif__b_normal_negatif__c_proche_de_0_positif_" classname="com.example.EquationSolverTest" time="0.001"/>
  <testcase name="testSolve_a_negatif_grand__b_tres_proche_de_zero__c_tres_proche_de_0_negatif_" classname="com.example.EquationSolverTest" time="0"/>
  <testcase name="testSolve_a_negatif_grand__b_null_c_normal_positif_" classname="com.example.EquationSolverTest" time="0"/>
  <testcase name="testSolve_a_proche_de_0_negatif__b_grand_positif__c_proche_de_0_positif_" classname="com.example.EquationSolverTest" time="0">
    <failure message="expected:&lt;0.0&gt; but was:&lt;-0.04935905037238353&gt;" type="java.lang.AssertionError"><![CDATA[java.lang.AssertionError: expected:<0.0> but was:<-0.04935905037238353>
	at com.example.EquationSolverTest.testSolve_a_proche_de_0_negatif__b_grand_positif__c_proche_de_0_positif_(EquationSolverTest.java:1041)
]]></failure>
  </testcase>
  <testcase name="testSolve_a_normal_negatif__b_normal_positif__c_proche_de_0_negatif_" classname="com.example.EquationSolverTest" time="0"/>
  <testcase name="testSolve_a_normal_positif__b_normal_negatif__c_normal_positif_" classname="com.example.EquationSolverTest" time="0.001"/>
  <testcase name="testSolve_a_null_b_tres_proche_de_zero__c_normal_positif_" classname="com.example.EquationSolverTest" time="0"/>
  <testcase name="testSolve_a_tres_proche_de_0_negatif__b_tres_proche_de_0_negatif__c_grand_positif_" classname="com.example.EquationSolverTest" time="0"/>
  <testcase name="testSolve_a_null_b_null_c_negatif_grand_" classname="com.example.EquationSolverTest" time="0"/>
  <testcase name="testSolve_a_tres_proche_de_zero__b_normal_positif__c_normal_positif_" classname="com.example.EquationSolverTest" time="0"/>
  <testcase name="testSolve_a_proche_de_0_negatif__b_normal_negatif__c_tres_proche_de_zero_" classname="com.example.EquationSolverTest" time="0"/>
  <testcase name="testSolve_a_null_b_proche_de_0_negatif__c_proche_de_0_positif_" classname="com.example.EquationSolverTest" time="0"/>
  <testcase name="testSolve_a_negatif_grand__b_tres_proche_de_0_negatif__c_proche_de_0_negatif_" classname="com.example.EquationSolverTest" time="0"/>
  <testcase name="testSolve_a_tres_proche_de_zero__b_null_c_proche_de_0_positif_" classname="com.example.EquationSolverTest" time="0"/>
  <testcase name="testSolve_a_grand_positif__b_tres_proche_de_0_negatif__c_proche_de_0_positif_" classname="com.example.EquationSolverTest" time="0"/>
  <testcase name="testSolve_a_proche_de_0_negatif__b_tres_proche_de_0_negatif__c_negatif_grand_" classname="com.example.EquationSolverTest" time="0"/>
  <testcase name="testSolve_a_proche_de_0_positif__b_tres_proche_de_0_negatif__c_tres_proche_de_0_negatif_" classname="com.example.EquationSolverTest" time="0"/>
  <testcase name="testSolve_a_negatif_grand__b_grand_positif__c_null" classname="com.example.EquationSolverTest" time="0.001"/>
  <testcase name="testSolve_a_grand_positif__b_grand_positif__c_normal_negatif_" classname="com.example.EquationSolverTest" time="0.001"/>
  <testcase name="testSolve_a_normal_negatif__b_tres_proche_de_zero__c_normal_negatif_" classname="com.example.EquationSolverTest" time="0"/>
  <testcase name="testSolve_a_grand_positif__b_negatif_grand__c_proche_de_0_negatif_" classname="com.example.EquationSolverTest" time="0"/>
  <testcase name="testSolve_a_proche_de_0_positif__b_proche_de_0_positif__c_normal_negatif_" classname="com.example.EquationSolverTest" time="0"/>
  <testcase name="testSolve_a_normal_positif__b_negatif_grand__c_tres_proche_de_0_negatif_" classname="com.example.EquationSolverTest" time="0"/>
  <testcase name="testSolve_a_negatif_grand__b_normal_positif__c_normal_negatif_" classname="com.example.EquationSolverTest" time="0"/>
  <testcase name="testSolve_a_null_b_tres_proche_de_0_negatif__c_null" classname="com.example.EquationSolverTest" time="0"/>
  <testcase name="testSolve_a_tres_proche_de_zero__b_proche_de_0_positif__c_tres_proche_de_zero_" classname="com.example.EquationSolverTest" time="0"/>
  <testcase name="testSolve_a_proche_de_0_positif__b_grand_positif__c_tres_proche_de_zero_" classname="com.example.EquationSolverTest" time="0.003"/>
  <testcase name="testSolve_a_null_b_grand_positif__c_grand_positif_" classname="com.example.EquationSolverTest" time="0"/>
  <testcase name="testSolve_a_normal_positif__b_tres_proche_de_zero__c_proche_de_0_positif_" classname="com.example.EquationSolverTest" time="0"/>
  <testcase name="testSolve_a_proche_de_0_negatif__b_proche_de_0_positif__c_tres_proche_de_0_negatif_" classname="com.example.EquationSolverTest" time="0"/>
  <testcase name="testSolve_a_tres_proche_de_zero__b_tres_proche_de_zero__c_proche_de_0_negatif_" classname="com.example.EquationSolverTest" time="0"/>
  <testcase name="testSolve_a_proche_de_0_negatif__b_proche_de_0_negatif__c_normal_positif_" classname="com.example.EquationSolverTest" time="0"/>
  <testcase name="testSolve_a_normal_negatif__b_proche_de_0_positif__c_negatif_grand_" classname="com.example.EquationSolverTest" time="0"/>
  <testcase name="testSolve_a_normal_positif__b_proche_de_0_positif__c_null" classname="com.example.EquationSolverTest" time="0"/>
  <testcase name="testSolve_a_tres_proche_de_zero__b_grand_positif__c_tres_proche_de_0_negatif_" classname="com.example.EquationSolverTest" time="0"/>
  <testcase name="testSolve_a_null_b_negatif_grand__c_tres_proche_de_zero_" classname="com.example.EquationSolverTest" time="0"/>
  <testcase name="testSolve_a_normal_negatif__b_grand_positif__c_proche_de_0_positif_" classname="com.example.EquationSolverTest" time="0.002">
    <failure message="expected:&lt;0.0&gt; but was:&lt;0.007990594804032192&gt;" type="java.lang.AssertionError"><![CDATA[java.lang.AssertionError: expected:<0.0> but was:<0.007990594804032192>
	at com.example.EquationSolverTest.testSolve_a_normal_negatif__b_grand_positif__c_proche_de_0_positif_(EquationSolverTest.java:785)
]]></failure>
  </testcase>
  <testcase name="testSolve_a_tres_proche_de_zero__b_normal_negatif__c_null" classname="com.example.EquationSolverTest" time="0.001"/>
  <testcase name="testSolve_a_grand_positif__b_proche_de_0_positif__c_proche_de_0_positif_" classname="com.example.EquationSolverTest" time="0"/>
  <testcase name="testSolve_a_grand_positif__b_proche_de_0_negatif__c_null" classname="com.example.EquationSolverTest" time="0"/>
  <testcase name="testSolve_a_proche_de_0_positif__b_null_c_tres_proche_de_zero_" classname="com.example.EquationSolverTest" time="0"/>
  <testcase name="testSolve_a_tres_proche_de_zero__b_tres_proche_de_0_negatif__c_normal_negatif_" classname="com.example.EquationSolverTest" time="0"/>
  <testcase name="testSolve_a_normal_negatif__b_tres_proche_de_0_negatif__c_normal_positif_" classname="com.example.EquationSolverTest" time="0"/>
  <testcase name="testSolve_a_negatif_grand__b_negatif_grand__c_proche_de_0_positif_" classname="com.example.EquationSolverTest" time="0"/>
  <testcase name="testSolve_a_proche_de_0_positif__b_grand_positif__c_normal_positif_" classname="com.example.EquationSolverTest" time="0">
    <failure message="expected:&lt;0.0&gt; but was:&lt;0.9879461484517833&gt;" type="java.lang.AssertionError"><![CDATA[java.lang.AssertionError: expected:<0.0> but was:<0.9879461484517833>
	at com.example.EquationSolverTest.testSolve_a_proche_de_0_positif__b_grand_positif__c_normal_positif_(EquationSolverTest.java:1009)
]]></failure>
  </testcase>
  <testcase name="testSolve_a_null_b_normal_positif__c_tres_proche_de_0_negatif_" classname="com.example.EquationSolverTest" time="0"/>
  <testcase name="testSolve_a_tres_proche_de_zero__b_tres_proche_de_zero__c_negatif_grand_" classname="com.example.EquationSolverTest" time="0"/>
</testsuite>