<?xml version="1.0" encoding="UTF-8"?>
<testsuite xmlns:xsi="http://www.w3.org/2001/XMLSchema-instance" xsi:noNamespaceSchemaLocation="https://maven.apache.org/surefire/maven-surefire-plugin/xsd/surefire-test-report.xsd" name="com.example.EquationSolverTest" time="0.148" tests="91" errors="0" skipped="0" failures="7">
  <properties>
    <property name="java.specification.version" value="17"/>
    <property name="sun.cpu.isalist" value="amd64"/>
    <property name="sun.jnu.encoding" value="Cp1252"/>
    <property name="java.class.path" value="C:\Users\PANAM SOLUTION\Desktop\COURS M2\INF563\TPEQUATIONSECONDDEGRE\equationseconddegree\target\test-classes;C:\Users\PANAM SOLUTION\Desktop\COURS M2\INF563\TPEQUATIONSECONDDEGRE\equationseconddegree\target\classes;C:\Users\PANAM SOLUTION\.m2\repository\junit\junit\4.11\junit-4.11.jar;C:\Users\PANAM SOLUTION\.m2\repository\org\hamcrest\hamcrest-core\1.3\hamcrest-core-1.3.jar;"/>
    <property name="java.vm.vendor" value="Oracle Corporation"/>
    <property name="sun.arch.data.model" value="64"/>
    <property name="user.variant" value=""/>
    <property name="java.vendor.url" value="https://java.oracle.com/"/>
    <property name="user.timezone" value="Europe/Paris"/>
    <property name="os.name" value="Windows 10"/>
    <property name="java.vm.specification.version" value="17"/>
    <property name="sun.java.launcher" value="SUN_STANDARD"/>
    <property name="user.country" value="FR"/>
    <property name="sun.boot.library.path" value="C:\Program Files\Java\jdk-17\bin"/>
    <property name="sun.java.command" value="C:\Users\PANAMS~1\AppData\Local\Temp\surefire8369588026627524717\surefirebooter558641444140781716.jar C:\Users\PANAM SOLUTION\AppData\Local\Temp\surefire8369588026627524717 2023-11-30T04-09-31_034-jvmRun1 surefire2833972006372276926tmp surefire_012201984991790315804tmp"/>
    <property name="jdk.debug" value="release"/>
    <property name="surefire.test.class.path" value="C:\Users\PANAM SOLUTION\Desktop\COURS M2\INF563\TPEQUATIONSECONDDEGRE\equationseconddegree\target\test-classes;C:\Users\PANAM SOLUTION\Desktop\COURS M2\INF563\TPEQUATIONSECONDDEGRE\equationseconddegree\target\classes;C:\Users\PANAM SOLUTION\.m2\repository\junit\junit\4.11\junit-4.11.jar;C:\Users\PANAM SOLUTION\.m2\repository\org\hamcrest\hamcrest-core\1.3\hamcrest-core-1.3.jar;"/>
    <property name="sun.cpu.endian" value="little"/>
    <property name="user.home" value="C:\Users\PANAM SOLUTION"/>
    <property name="user.language" value="fr"/>
    <property name="java.specification.vendor" value="Oracle Corporation"/>
    <property name="java.version.date" value="2023-04-18"/>
    <property name="java.home" value="C:\Program Files\Java\jdk-17"/>
    <property name="file.separator" value="\"/>
    <property name="basedir" value="C:\Users\PANAM SOLUTION\Desktop\COURS M2\INF563\TPEQUATIONSECONDDEGRE\equationseconddegree"/>
    <property name="java.vm.compressedOopsMode" value="Zero based"/>
    <property name="line.separator" value="&#10;"/>
    <property name="java.vm.specification.vendor" value="Oracle Corporation"/>
    <property name="java.specification.name" value="Java Platform API Specification"/>
    <property name="surefire.real.class.path" value="C:\Users\PANAMS~1\AppData\Local\Temp\surefire8369588026627524717\surefirebooter558641444140781716.jar"/>
    <property name="user.script" value=""/>
    <property name="sun.management.compiler" value="HotSpot 64-Bit Tiered Compilers"/>
    <property name="java.runtime.version" value="17.0.7+8-LTS-224"/>
    <property name="user.name" value="PANAM SOLUTION"/>
    <property name="path.separator" value=";"/>
    <property name="os.version" value="10.0"/>
    <property name="java.runtime.name" value="Java(TM) SE Runtime Environment"/>
    <property name="file.encoding" value="Cp1252"/>
    <property name="java.vm.name" value="Java HotSpot(TM) 64-Bit Server VM"/>
    <property name="localRepository" value="C:\Users\PANAM SOLUTION\.m2\repository"/>
    <property name="java.vendor.url.bug" value="https://bugreport.java.com/bugreport/"/>
    <property name="java.io.tmpdir" value="C:\Users\PANAMS~1\AppData\Local\Temp\"/>
    <property name="java.version" value="17.0.7"/>
    <property name="user.dir" value="C:\Users\PANAM SOLUTION\Desktop\COURS M2\INF563\TPEQUATIONSECONDDEGRE\equationseconddegree"/>
    <property name="os.arch" value="amd64"/>
    <property name="java.vm.specification.name" value="Java Virtual Machine Specification"/>
    <property name="sun.os.patch.level" value=""/>
    <property name="native.encoding" value="Cp1252"/>
    <property name="java.library.path" value="C:\Program Files\Java\jdk-17\bin;C:\Windows\Sun\Java\bin;C:\Windows\system32;C:\Windows;C:\Python312\Scripts\;C:\Python312\;C:\Windows\system32;C:\Windows;C:\Windows\System32\Wbem;C:\Windows\System32\WindowsPowerShell\v1.0\;C:\Windows\System32\OpenSSH\;C:\Program Files\Git\cmd;C:\Program Files (x86)\nodejs\;C:\ProgramData\chocolatey\bin;C:\apache-maven-3.8.8\bin;C:\Program Files\Java\jdk-17\bin;C:\Program Files\MySQL\MySQL Shell 8.0\bin\;C:\Users\PANAM SOLUTION\AppData\Local\Programs\Python\Python310\Scripts\;C:\Users\PANAM SOLUTION\AppData\Local\Programs\Python\Python310\;C:\Users\PANAM SOLUTION\AppData\Local\Microsoft\WindowsApps;C:\Users\PANAM SOLUTION\AppData\Local\Programs\Microsoft VS Code\bin;C:\Users\PANAM SOLUTION\AppData\Roaming\npm;C:\Program Files\MySQL\MySQL Server 8.0\bin;C:\Program Files\MySQL\MySQL Shell 8.0\bin;C:\Program Files (x86);C:\Program Files (x86)\chromedriver.exe;C:\Program Files (x86)\geckodriver.exe;;."/>
    <property name="java.vm.info" value="mixed mode, sharing"/>
    <property name="java.vendor" value="Oracle Corporation"/>
    <property name="java.vm.version" value="17.0.7+8-LTS-224"/>
    <property name="sun.io.unicode.encoding" value="UnicodeLittle"/>
    <property name="java.class.version" value="61.0"/>
  </properties>
  <testcase name="testSolve_a_proche_de_0_positif__b_proche_de_0_negatif__c_proche_de_0_negatif_" classname="com.example.EquationSolverTest" time="0.005"/>
  <testcase name="testSolve_a_normal_negatif__b_null_c_normal_negatif_" classname="com.example.EquationSolverTest" time="0"/>
  <testcase name="testSolve_a_grand_positif__b_tres_proche_de_zero__c_tres_proche_de_zero_" classname="com.example.EquationSolverTest" time="0"/>
  <testcase name="testSolve_a_negatif_grand__b_proche_de_0_positif__c_grand_positif_" classname="com.example.EquationSolverTest" time="0.003"/>
  <testcase name="testSolve_a_normal_negatif__b_proche_de_0_negatif__c_tres_proche_de_zero_" classname="com.example.EquationSolverTest" time="0"/>
  <testcase name="testSolve_a_normal_positif__b_normal_positif__c_null" classname="com.example.EquationSolverTest" time="0"/>
  <testcase name="testSolve_a_tres_proche_de_0_negatif__b_grand_positif__c_null" classname="com.example.EquationSolverTest" time="0"/>
  <testcase name="testSolve_a_tres_proche_de_0_negatif__b_normal_negatif__c_proche_de_0_positif_" classname="com.example.EquationSolverTest" time="0"/>
  <testcase name="testSolve_a_proche_de_0_negatif__b_null_c_null" classname="com.example.EquationSolverTest" time="0"/>
  <testcase name="testSolve_a_tres_proche_de_0_negatif__b_null_c_proche_de_0_negatif_" classname="com.example.EquationSolverTest" time="0"/>
  <testcase name="testSolve_a_proche_de_0_positif__b_grand_positif__c_proche_de_0_negatif_" classname="com.example.EquationSolverTest" time="0.014">
    <failure message="expected:&lt;0.0&gt; but was:&lt;-2.0298250961214896&gt;" type="java.lang.AssertionError"><![CDATA[java.lang.AssertionError: expected:<0.0> but was:<-2.0298250961214896>
	at com.example.EquationSolverTest.testSolve_a_proche_de_0_positif__b_grand_positif__c_proche_de_0_negatif_(EquationSolverTest.java:769)
]]></failure>
  </testcase>
  <testcase name="testSolve_a_tres_proche_de_0_negatif__b_proche_de_0_positif__c_tres_proche_de_0_negatif_" classname="com.example.EquationSolverTest" time="0"/>
  <testcase name="testSolve_a_tres_proche_de_0_negatif__b_proche_de_0_negatif__c_negatif_grand_" classname="com.example.EquationSolverTest" time="0"/>
  <testcase name="testSolve_a_normal_negatif__b_null_c_grand_positif_" classname="com.example.EquationSolverTest" time="0"/>
  <testcase name="testSolve_a_normal_negatif__b_normal_negatif__c_tres_proche_de_0_negatif_" classname="com.example.EquationSolverTest" time="0"/>
  <testcase name="testSolve_a_proche_de_0_negatif__b_negatif_grand__c_grand_positif_" classname="com.example.EquationSolverTest" time="0.005">
    <failure message="expected:&lt;0.0&gt; but was:&lt;13.366911247372627&gt;" type="java.lang.AssertionError"><![CDATA[java.lang.AssertionError: expected:<0.0> but was:<13.366911247372627>
	at com.example.EquationSolverTest.testSolve_a_proche_de_0_negatif__b_negatif_grand__c_grand_positif_(EquationSolverTest.java:561)
]]></failure>
  </testcase>
  <testcase name="testSolve_a_tres_proche_de_0_negatif__b_proche_de_0_positif__c_normal_positif_" classname="com.example.EquationSolverTest" time="0"/>
  <testcase name="testSolve_a_negatif_grand__b_proche_de_0_negatif__c_tres_proche_de_zero_" classname="com.example.EquationSolverTest" time="0"/>
  <testcase name="testSolve_a_normal_positif__b_proche_de_0_negatif__c_normal_negatif_" classname="com.example.EquationSolverTest" time="0"/>
  <testcase name="testSolve_a_proche_de_0_negatif__b_normal_positif__c_normal_negatif_" classname="com.example.EquationSolverTest" time="0"/>
  <testcase name="testSolve_a_null_b_proche_de_0_positif__c_proche_de_0_negatif_" classname="com.example.EquationSolverTest" time="0"/>
  <testcase name="testSolve_a_tres_proche_de_0_negatif__b_tres_proche_de_zero__c_grand_positif_" classname="com.example.EquationSolverTest" time="0"/>
  <testcase name="testSolve_a_tres_proche_de_zero__b_proche_de_0_negatif__c_grand_positif_" classname="com.example.EquationSolverTest" time="0"/>
  <testcase name="testSolve_a_negatif_grand__b_normal_negatif__c_negatif_grand_" classname="com.example.EquationSolverTest" time="0"/>
  <testcase name="testSolve_a_grand_positif__b_normal_positif__c_negatif_grand_" classname="com.example.EquationSolverTest" time="0"/>
  <testcase name="testSolve_a_normal_positif__b_null_c_normal_positif_" classname="com.example.EquationSolverTest" time="0"/>
  <testcase name="testSolve_a_null_b_normal_negatif__c_normal_negatif_" classname="com.example.EquationSolverTest" time="0"/>
  <testcase name="testSolve_a_grand_positif__b_null_c_tres_proche_de_0_negatif_" classname="com.example.EquationSolverTest" time="0"/>
  <testcase name="testSolve_a_tres_proche_de_0_negatif__b_normal_positif__c_tres_proche_de_zero_" classname="com.example.EquationSolverTest" time="0.005"/>
  <testcase name="testSolve_a_proche_de_0_negatif__b_tres_proche_de_zero__c_proche_de_0_negatif_" classname="com.example.EquationSolverTest" time="0"/>
  <testcase name="testSolve_a_normal_negatif__b_negatif_grand__c_null" classname="com.example.EquationSolverTest" time="0"/>
  <testcase name="testSolve_a_normal_positif__b_grand_positif__c_negatif_grand_" classname="com.example.EquationSolverTest" time="0">
    <failure message="expected:&lt;0.0&gt; but was:&lt;0.00481724739074707&gt;" type="java.lang.AssertionError"><![CDATA[java.lang.AssertionError: expected:<0.0> but was:<0.00481724739074707>
	at com.example.EquationSolverTest.testSolve_a_normal_positif__b_grand_positif__c_negatif_grand_(EquationSolverTest.java:465)
]]></failure>
  </testcase>
  <testcase name="testSolve_a_proche_de_0_positif__b_tres_proche_de_zero__c_null" classname="com.example.EquationSolverTest" time="0"/>
  <testcase name="testSolve_a_grand_positif__b_negatif_grand__c_normal_positif_" classname="com.example.EquationSolverTest" time="0"/>
  <testcase name="testSolve_a_normal_positif__b_null_c_grand_positif_" classname="com.example.EquationSolverTest" time="0"/>
  <testcase name="testSolve_a_proche_de_0_positif__b_normal_positif__c_grand_positif_" classname="com.example.EquationSolverTest" time="0"/>
  <testcase name="testSolve_a_tres_proche_de_0_negatif__b_negatif_grand__c_normal_negatif_" classname="com.example.EquationSolverTest" time="0"/>
  <testcase name="testSolve_a_tres_proche_de_zero__b_normal_positif__c_proche_de_0_positif_" classname="com.example.EquationSolverTest" time="0"/>
  <testcase name="testSolve_a_proche_de_0_positif__b_negatif_grand__c_negatif_grand_" classname="com.example.EquationSolverTest" time="0">
    <failure message="expected:&lt;0.0&gt; but was:&lt;2.286895751953125&gt;" type="java.lang.AssertionError"><![CDATA[java.lang.AssertionError: expected:<0.0> but was:<2.286895751953125>
	at com.example.EquationSolverTest.testSolve_a_proche_de_0_positif__b_negatif_grand__c_negatif_grand_(EquationSolverTest.java:433)
]]></failure>
  </testcase>
  <testcase name="testSolve_a_normal_positif__b_normal_negatif__c_proche_de_0_negatif_" classname="com.example.EquationSolverTest" time="0"/>
  <testcase name="testSolve_a_proche_de_0_positif__b_proche_de_0_negatif__c_tres_proche_de_0_negatif_" classname="com.example.EquationSolverTest" time="0"/>
  <testcase name="testSolve_a_grand_positif__b_normal_negatif__c_grand_positif_" classname="com.example.EquationSolverTest" time="0"/>
  <testcase name="testSolve_a_normal_positif__b_tres_proche_de_0_negatif__c_tres_proche_de_zero_" classname="com.example.EquationSolverTest" time="0"/>
  <testcase name="testSolve_a_tres_proche_de_zero__b_negatif_grand__c_tres_proche_de_0_negatif_" classname="com.example.EquationSolverTest" time="0"/>
  <testcase name="testSolve_a_proche_de_0_positif__b_normal_negatif__c_proche_de_0_positif_" classname="com.example.EquationSolverTest" time="0.001"/>
  <testcase name="testSolve_a_negatif_grand__b_tres_proche_de_zero__c_tres_proche_de_0_negatif_" classname="com.example.EquationSolverTest" time="0"/>
  <testcase name="testSolve_a_negatif_grand__b_null_c_normal_positif_" classname="com.example.EquationSolverTest" time="0"/>
  <testcase name="testSolve_a_proche_de_0_negatif__b_grand_positif__c_proche_de_0_positif_" classname="com.example.EquationSolverTest" time="0">
    <failure message="expected:&lt;0.0&gt; but was:&lt;-0.04935905037238353&gt;" type="java.lang.AssertionError"><![CDATA[java.lang.AssertionError: expected:<0.0> but was:<-0.04935905037238353>
	at com.example.EquationSolverTest.testSolve_a_proche_de_0_negatif__b_grand_positif__c_proche_de_0_positif_(EquationSolverTest.java:1041)
]]></failure>
  </testcase>
  <testcase name="testSolve_a_normal_negatif__b_normal_positif__c_proche_de_0_negatif_" classname="com.example.EquationSolverTest" time="0"/>
  <testcase name="testSolve_a_normal_positif__b_normal_negatif__c_normal_positif_" classname="com.example.EquationSolverTest" time="0.001"/>
  <testcase name="testSolve_a_null_b_tres_proche_de_zero__c_normal_positif_" classname="com.example.EquationSolverTest" time="0"/>
  <testcase name="testSolve_a_tres_proche_de_0_negatif__b_tres_proche_de_0_negatif__c_grand_positif_" classname="com.example.EquationSolverTest" time="0"/>
  <testcase name="testSolve_a_null_b_null_c_negatif_grand_" classname="com.example.EquationSolverTest" time="0"/>
  <testcase name="testSolve_a_tres_proche_de_zero__b_normal_positif__c_normal_positif_" classname="com.example.EquationSolverTest" time="0"/>
  <testcase name="testSolve_a_proche_de_0_negatif__b_normal_negatif__c_tres_proche_de_zero_" classname="com.example.EquationSolverTest" time="0"/>
  <testcase name="testSolve_a_null_b_proche_de_0_negatif__c_proche_de_0_positif_" classname="com.example.EquationSolverTest" time="0"/>
  <testcase name="testSolve_a_negatif_grand__b_tres_proche_de_0_negatif__c_proche_de_0_negatif_" classname="com.example.EquationSolverTest" time="0"/>
  <testcase name="testSolve_a_tres_proche_de_zero__b_null_c_proche_de_0_positif_" classname="com.example.EquationSolverTest" time="0"/>
  <testcase name="testSolve_a_grand_positif__b_tres_proche_de_0_negatif__c_proche_de_0_positif_" classname="com.example.EquationSolverTest" time="0"/>
  <testcase name="testSolve_a_proche_de_0_negatif__b_tres_proche_de_0_negatif__c_negatif_grand_" classname="com.example.EquationSolverTest" time="0"/>
  <testcase name="testSolve_a_proche_de_0_positif__b_tres_proche_de_0_negatif__c_tres_proche_de_0_negatif_" classname="com.example.EquationSolverTest" time="0"/>
  <testcase name="testSolve_a_negatif_grand__b_grand_positif__c_null" classname="com.example.EquationSolverTest" time="0.001"/>
  <testcase name="testSolve_a_grand_positif__b_grand_positif__c_normal_negatif_" classname="com.example.EquationSolverTest" time="0.001"/>
  <testcase name="testSolve_a_normal_negatif__b_tres_proche_de_zero__c_normal_negatif_" classname="com.example.EquationSolverTest" time="0"/>
  <testcase name="testSolve_a_grand_positif__b_negatif_grand__c_proche_de_0_negatif_" classname="com.example.EquationSolverTest" time="0"/>
  <testcase name="testSolve_a_proche_de_0_positif__b_proche_de_0_positif__c_normal_negatif_" classname="com.example.EquationSolverTest" time="0"/>
  <testcase name="testSolve_a_normal_positif__b_negatif_grand__c_tres_proche_de_0_negatif_" classname="com.example.EquationSolverTest" time="0"/>
  <testcase name="testSolve_a_negatif_grand__b_normal_positif__c_normal_negatif_" classname="com.example.EquationSolverTest" time="0"/>
  <testcase name="testSolve_a_null_b_tres_proche_de_0_negatif__c_null" classname="com.example.EquationSolverTest" time="0"/>
  <testcase name="testSolve_a_tres_proche_de_zero__b_proche_de_0_positif__c_tres_proche_de_zero_" classname="com.example.EquationSolverTest" time="0"/>
  <testcase name="testSolve_a_proche_de_0_positif__b_grand_positif__c_tres_proche_de_zero_" classname="com.example.EquationSolverTest" time="0.003"/>
  <testcase name="testSolve_a_null_b_grand_positif__c_grand_positif_" classname="com.example.EquationSolverTest" time="0"/>
  <testcase name="testSolve_a_normal_positif__b_tres_proche_de_zero__c_proche_de_0_positif_" classname="com.example.EquationSolverTest" time="0"/>
  <testcase name="testSolve_a_proche_de_0_negatif__b_proche_de_0_positif__c_tres_proche_de_0_negatif_" classname="com.example.EquationSolverTest" time="0"/>
  <testcase name="testSolve_a_tres_proche_de_zero__b_tres_proche_de_zero__c_proche_de_0_negatif_" classname="com.example.EquationSolverTest" time="0"/>
  <testcase name="testSolve_a_proche_de_0_negatif__b_proche_de_0_negatif__c_normal_positif_" classname="com.example.EquationSolverTest" time="0"/>
  <testcase name="testSolve_a_normal_negatif__b_proche_de_0_positif__c_negatif_grand_" classname="com.example.EquationSolverTest" time="0"/>
  <testcase name="testSolve_a_normal_positif__b_proche_de_0_positif__c_null" classname="com.example.EquationSolverTest" time="0"/>
  <testcase name="testSolve_a_tres_proche_de_zero__b_grand_positif__c_tres_proche_de_0_negatif_" classname="com.example.EquationSolverTest" time="0"/>
  <testcase name="testSolve_a_null_b_negatif_grand__c_tres_proche_de_zero_" classname="com.example.EquationSolverTest" time="0"/>
  <testcase name="testSolve_a_normal_negatif__b_grand_positif__c_proche_de_0_positif_" classname="com.example.EquationSolverTest" time="0.002">
    <failure message="expected:&lt;0.0&gt; but was:&lt;0.007990594804032192&gt;" type="java.lang.AssertionError"><![CDATA[java.lang.AssertionError: expected:<0.0> but was:<0.007990594804032192>
	at com.example.EquationSolverTest.testSolve_a_normal_negatif__b_grand_positif__c_proche_de_0_positif_(EquationSolverTest.java:785)
]]></failure>
  </testcase>
  <testcase name="testSolve_a_tres_proche_de_zero__b_normal_negatif__c_null" classname="com.example.EquationSolverTest" time="0.001"/>
  <testcase name="testSolve_a_grand_positif__b_proche_de_0_positif__c_proche_de_0_positif_" classname="com.example.EquationSolverTest" time="0"/>
  <testcase name="testSolve_a_grand_positif__b_proche_de_0_negatif__c_null" classname="com.example.EquationSolverTest" time="0"/>
  <testcase name="testSolve_a_proche_de_0_positif__b_null_c_tres_proche_de_zero_" classname="com.example.EquationSolverTest" time="0"/>
  <testcase name="testSolve_a_tres_proche_de_zero__b_tres_proche_de_0_negatif__c_normal_negatif_" classname="com.example.EquationSolverTest" time="0"/>
  <testcase name="testSolve_a_normal_negatif__b_tres_proche_de_0_negatif__c_normal_positif_" classname="com.example.EquationSolverTest" time="0"/>
  <testcase name="testSolve_a_negatif_grand__b_negatif_grand__c_proche_de_0_positif_" classname="com.example.EquationSolverTest" time="0"/>
  <testcase name="testSolve_a_proche_de_0_positif__b_grand_positif__c_normal_positif_" classname="com.example.EquationSolverTest" time="0">
    <failure message="expected:&lt;0.0&gt; but was:&lt;0.9879461484517833&gt;" type="java.lang.AssertionError"><![CDATA[java.lang.AssertionError: expected:<0.0> but was:<0.9879461484517833>
	at com.example.EquationSolverTest.testSolve_a_proche_de_0_positif__b_grand_positif__c_normal_positif_(EquationSolverTest.java:1009)
]]></failure>
  </testcase>
  <testcase name="testSolve_a_null_b_normal_positif__c_tres_proche_de_0_negatif_" classname="com.example.EquationSolverTest" time="0"/>
  <testcase name="testSolve_a_tres_proche_de_zero__b_tres_proche_de_zero__c_negatif_grand_" classname="com.example.EquationSolverTest" time="0"/>
</testsuite>